TN:
SF:/Users/kongc/Desktop/前端自动化测试jest/demo/jest-none/Counter.js
FN:2,(anonymous_0)
FN:5,(anonymous_1)
FN:8,(anonymous_2)
FNF:3
FNH:3
FNDA:2,(anonymous_0)
FNDA:1,(anonymous_1)
FNDA:1,(anonymous_2)
DA:3,2
DA:6,1
DA:9,1
LF:3
LH:3
BRF:0
BRH:0
end_of_record
TN:
SF:/Users/kongc/Desktop/前端自动化测试jest/demo/jest-none/demo.js
FN:3,(anonymous_0)
FN:7,(anonymous_1)
FN:8,(anonymous_2)
FNF:3
FNH:2
FNDA:0,(anonymous_0)
FNDA:1,(anonymous_1)
FNDA:1,(anonymous_2)
DA:3,1
DA:4,0
DA:7,1
DA:8,1
LF:4
LH:3
BRF:0
BRH:0
end_of_record
TN:
SF:/Users/kongc/Desktop/前端自动化测试jest/demo/jest-none/demo1.js
FN:3,(anonymous_0)
FNF:1
FNH:1
FNDA:1,(anonymous_0)
DA:3,1
DA:4,1
DA:5,1
DA:6,1
LF:4
LH:4
BRF:0
BRH:0
end_of_record
TN:
SF:/Users/kongc/Desktop/前端自动化测试jest/demo/jest-none/demoDom.js
FN:3,(anonymous_0)
FNF:1
FNH:1
FNDA:2,(anonymous_0)
DA:3,1
DA:4,2
LF:2
LH:2
BRF:0
BRH:0
end_of_record
TN:
SF:/Users/kongc/Desktop/前端自动化测试jest/demo/jest-none/fetchData.js
FN:9,(anonymous_0)
FNF:1
FNH:1
FNDA:1,(anonymous_0)
DA:9,1
DA:10,1
LF:2
LH:2
BRF:0
BRH:0
end_of_record
TN:
SF:/Users/kongc/Desktop/前端自动化测试jest/demo/jest-none/math.js
FN:1,add
FN:5,minus
FN:9,multi
FNF:3
FNH:3
FNDA:1,add
FNDA:1,minus
FNDA:1,multi
DA:2,1
DA:6,1
DA:10,1
DA:13,1
DA:14,1
LF:5
LH:5
BRF:0
BRH:0
end_of_record
TN:
SF:/Users/kongc/Desktop/前端自动化测试jest/demo/jest-none/util.js
FN:2,(anonymous_0)
FN:6,(anonymous_1)
FNF:2
FNH:0
FNDA:0,(anonymous_0)
FNDA:0,(anonymous_1)
LF:0
LH:0
BRF:0
BRH:0
end_of_record
